<?xml version="1.0" encoding="UTF-8"?>
<coverage generated="1528931522750" clover="3.2.0">
  <project timestamp="1528931522750" name="All files">
    <metrics statements="28" coveredstatements="27" conditionals="21" coveredconditionals="20" methods="8" coveredmethods="7" elements="57" coveredelements="54" complexity="0" loc="28" ncloc="28" packages="3" files="7" classes="7">
      <package name="actions">
        <metrics statements="20" coveredstatements="20" conditionals="18" coveredconditionals="17" methods="3" coveredmethods="3"/>
        <file name="constants.js" path="/Users/paakcmd/Documents/GitHub/KataTennis/src/actions/constants.js">
          <metrics statements="2" coveredstatements="2" conditionals="0" coveredconditionals="0" methods="0" coveredmethods="0"/>
          <line num="1" count="6" type="stmt"/>
          <line num="2" count="6" type="stmt"/>
        </file>
        <file name="player.js" path="/Users/paakcmd/Documents/GitHub/KataTennis/src/actions/player.js">
          <metrics statements="2" coveredstatements="2" conditionals="0" coveredconditionals="0" methods="1" coveredmethods="1"/>
          <line num="3" count="3" type="stmt"/>
          <line num="4" count="1" type="stmt"/>
        </file>
        <file name="score.js" path="/Users/paakcmd/Documents/GitHub/KataTennis/src/actions/score.js">
          <metrics statements="16" coveredstatements="16" conditionals="18" coveredconditionals="17" methods="2" coveredmethods="2"/>
          <line num="3" count="1" type="stmt"/>
          <line num="4" count="20" type="stmt"/>
          <line num="5" count="20" type="stmt"/>
          <line num="10" count="20" type="cond" truecount="4" falsecount="0"/>
          <line num="11" count="11" type="stmt"/>
          <line num="12" count="121" type="cond" truecount="4" falsecount="0"/>
          <line num="13" count="11" type="stmt"/>
          <line num="18" count="20" type="cond" truecount="4" falsecount="0"/>
          <line num="19" count="9" type="stmt"/>
          <line num="20" count="9" type="cond" truecount="2" falsecount="0"/>
          <line num="21" count="2" type="stmt"/>
          <line num="23" count="7" type="cond" truecount="1" falsecount="1"/>
          <line num="24" count="7" type="cond" truecount="2" falsecount="0"/>
          <line num="25" count="4" type="stmt"/>
          <line num="28" count="3" type="stmt"/>
          <line num="33" count="20" type="stmt"/>
        </file>
      </package>
      <package name="components">
        <metrics statements="4" coveredstatements="3" conditionals="0" coveredconditionals="0" methods="4" coveredmethods="3"/>
        <file name="App.js" path="/Users/paakcmd/Documents/GitHub/KataTennis/src/components/App.js">
          <metrics statements="1" coveredstatements="1" conditionals="0" coveredconditionals="0" methods="1" coveredmethods="1"/>
          <line num="6" count="1" type="stmt"/>
        </file>
        <file name="Tennis.js" path="/Users/paakcmd/Documents/GitHub/KataTennis/src/components/Tennis.js">
          <metrics statements="3" coveredstatements="2" conditionals="0" coveredconditionals="0" methods="3" coveredmethods="2"/>
          <line num="7" count="1" type="stmt"/>
          <line num="11" count="2" type="stmt"/>
          <line num="17" count="0" type="stmt"/>
        </file>
      </package>
      <package name="reducers">
        <metrics statements="4" coveredstatements="4" conditionals="3" coveredconditionals="3" methods="1" coveredmethods="1"/>
        <file name="index.js" path="/Users/paakcmd/Documents/GitHub/KataTennis/src/reducers/index.js">
          <metrics statements="0" coveredstatements="0" conditionals="0" coveredconditionals="0" methods="0" coveredmethods="0"/>
        </file>
        <file name="tennis.js" path="/Users/paakcmd/Documents/GitHub/KataTennis/src/reducers/tennis.js">
          <metrics statements="4" coveredstatements="4" conditionals="3" coveredconditionals="3" methods="1" coveredmethods="1"/>
          <line num="4" count="2" type="cond" truecount="1" falsecount="0"/>
          <line num="5" count="4" type="cond" truecount="2" falsecount="0"/>
          <line num="7" count="1" type="stmt"/>
          <line num="9" count="3" type="stmt"/>
        </file>
      </package>
    </metrics>
  </project>
</coverage>
