<?xml version="1.0" encoding="UTF-8"?>
<coverage generated="1529103311837" clover="3.2.0">
  <project timestamp="1529103311837" name="All files">
    <metrics statements="39" coveredstatements="34" conditionals="25" coveredconditionals="21" methods="9" coveredmethods="8" elements="73" coveredelements="63" complexity="0" loc="39" ncloc="39" packages="3" files="6" classes="6">
      <package name="actions">
        <metrics statements="22" coveredstatements="19" conditionals="22" coveredconditionals="19" methods="2" coveredmethods="2"/>
        <file name="constants.js" path="/Users/paakcmd/Documents/GitHub/KataTennis/src/actions/constants.js">
          <metrics statements="1" coveredstatements="1" conditionals="0" coveredconditionals="0" methods="0" coveredmethods="0"/>
          <line num="1" count="5" type="stmt"/>
        </file>
        <file name="score.js" path="/Users/paakcmd/Documents/GitHub/KataTennis/src/actions/score.js">
          <metrics statements="21" coveredstatements="18" conditionals="22" coveredconditionals="19" methods="2" coveredmethods="2"/>
          <line num="3" count="3" type="stmt"/>
          <line num="5" count="25" type="stmt"/>
          <line num="7" count="25" type="cond" truecount="1" falsecount="1"/>
          <line num="8" count="0" type="stmt"/>
          <line num="9" count="25" type="cond" truecount="1" falsecount="1"/>
          <line num="10" count="0" type="stmt"/>
          <line num="15" count="25" type="stmt"/>
          <line num="19" count="25" type="cond" truecount="4" falsecount="0"/>
          <line num="20" count="16" type="stmt"/>
          <line num="21" count="256" type="cond" truecount="4" falsecount="0"/>
          <line num="22" count="16" type="stmt"/>
          <line num="27" count="25" type="cond" truecount="4" falsecount="0"/>
          <line num="28" count="9" type="stmt"/>
          <line num="29" count="9" type="cond" truecount="2" falsecount="0"/>
          <line num="30" count="2" type="stmt"/>
          <line num="31" count="7" type="cond" truecount="1" falsecount="1"/>
          <line num="32" count="7" type="cond" truecount="2" falsecount="0"/>
          <line num="33" count="4" type="stmt"/>
          <line num="36" count="3" type="stmt"/>
          <line num="39" count="0" type="stmt"/>
          <line num="43" count="25" type="stmt"/>
        </file>
      </package>
      <package name="components">
        <metrics statements="12" coveredstatements="11" conditionals="0" coveredconditionals="0" methods="6" coveredmethods="5"/>
        <file name="App.js" path="/Users/paakcmd/Documents/GitHub/KataTennis/src/components/App.js">
          <metrics statements="1" coveredstatements="1" conditionals="0" coveredconditionals="0" methods="1" coveredmethods="1"/>
          <line num="6" count="1" type="stmt"/>
        </file>
        <file name="Tennis.js" path="/Users/paakcmd/Documents/GitHub/KataTennis/src/components/Tennis.js">
          <metrics statements="11" coveredstatements="10" conditionals="0" coveredconditionals="0" methods="5" coveredmethods="4"/>
          <line num="8" count="2" type="stmt"/>
          <line num="9" count="2" type="stmt"/>
          <line num="10" count="2" type="stmt"/>
          <line num="13" count="1" type="stmt"/>
          <line num="14" count="1" type="stmt"/>
          <line num="15" count="1" type="stmt"/>
          <line num="16" count="1" type="stmt"/>
          <line num="18" count="1" type="stmt"/>
          <line num="25" count="1" type="stmt"/>
          <line num="26" count="1" type="stmt"/>
          <line num="37" count="0" type="stmt"/>
        </file>
      </package>
      <package name="reducers">
        <metrics statements="5" coveredstatements="4" conditionals="3" coveredconditionals="2" methods="1" coveredmethods="1"/>
        <file name="index.js" path="/Users/paakcmd/Documents/GitHub/KataTennis/src/reducers/index.js">
          <metrics statements="0" coveredstatements="0" conditionals="0" coveredconditionals="0" methods="0" coveredmethods="0"/>
        </file>
        <file name="tennis.js" path="/Users/paakcmd/Documents/GitHub/KataTennis/src/reducers/tennis.js">
          <metrics statements="5" coveredstatements="4" conditionals="3" coveredconditionals="2" methods="1" coveredmethods="1"/>
          <line num="4" count="2" type="stmt"/>
          <line num="10" count="2" type="cond" truecount="1" falsecount="0"/>
          <line num="11" count="4" type="cond" truecount="1" falsecount="1"/>
          <line num="13" count="0" type="stmt"/>
          <line num="15" count="4" type="stmt"/>
        </file>
      </package>
    </metrics>
  </project>
</coverage>
