{"/Users/paakcmd/Documents/GitHub/KataTennis/src/actions/constants.js": {"path":"/Users/paakcmd/Documents/GitHub/KataTennis/src/actions/constants.js","statementMap":{"0":{"start":{"line":1,"column":33},"end":{"line":1,"column":52}},"1":{"start":{"line":2,"column":33},"end":{"line":2,"column":52}}},"fnMap":{},"branchMap":{},"s":{"0":5,"1":5},"f":{},"b":{},"_coverageSchema":"332fd63041d2c1bcb487cc26dd0d5f7d97098a6c","hash":"f8a69671a6ff31fa1ed66137cf23f28ea2fecd77"}
,"/Users/paakcmd/Documents/GitHub/KataTennis/src/actions/score.js": {"path":"/Users/paakcmd/Documents/GitHub/KataTennis/src/actions/score.js","statementMap":{"0":{"start":{"line":3,"column":28},"end":{"line":15,"column":1}},"1":{"start":{"line":4,"column":2},"end":{"line":13,"column":3}},"2":{"start":{"line":5,"column":4},"end":{"line":7,"column":5}},"3":{"start":{"line":10,"column":4},"end":{"line":12,"column":5}}},"fnMap":{"0":{"name":"(anonymous_0)","decl":{"start":{"line":3,"column":28},"end":{"line":3,"column":29}},"loc":{"start":{"line":3,"column":60},"end":{"line":15,"column":1}},"line":3}},"branchMap":{"0":{"loc":{"start":{"line":4,"column":2},"end":{"line":13,"column":3}},"type":"if","locations":[{"start":{"line":4,"column":2},"end":{"line":13,"column":3}},{"start":{"line":4,"column":2},"end":{"line":13,"column":3}}],"line":4}},"s":{"0":3,"1":2,"2":1,"3":1},"f":{"0":2},"b":{"0":[1,1]},"_coverageSchema":"332fd63041d2c1bcb487cc26dd0d5f7d97098a6c","hash":"8da82632eb589d6e1d9628921a211bad51ac6a6f"}
,"/Users/paakcmd/Documents/GitHub/KataTennis/src/components/App.js": {"path":"/Users/paakcmd/Documents/GitHub/KataTennis/src/components/App.js","statementMap":{"0":{"start":{"line":6,"column":4},"end":{"line":10,"column":5}}},"fnMap":{"0":{"name":"(anonymous_0)","decl":{"start":{"line":5,"column":2},"end":{"line":5,"column":3}},"loc":{"start":{"line":5,"column":11},"end":{"line":11,"column":3}},"line":5}},"branchMap":{},"s":{"0":1},"f":{"0":1},"b":{},"_coverageSchema":"332fd63041d2c1bcb487cc26dd0d5f7d97098a6c","hash":"78d39ef8b0b6c49bfbb0a37ade5e3f5a0fbca36d"}
,"/Users/paakcmd/Documents/GitHub/KataTennis/src/components/Tennis.js": {"path":"/Users/paakcmd/Documents/GitHub/KataTennis/src/components/Tennis.js","statementMap":{"0":{"start":{"line":8,"column":4},"end":{"line":8,"column":40}},"1":{"start":{"line":11,"column":23},"end":{"line":11,"column":33}},"2":{"start":{"line":12,"column":20},"end":{"line":12,"column":40}},"3":{"start":{"line":13,"column":20},"end":{"line":13,"column":40}},"4":{"start":{"line":15,"column":4},"end":{"line":27,"column":5}},"5":{"start":{"line":22,"column":57},"end":{"line":22,"column":80}},"6":{"start":{"line":23,"column":57},"end":{"line":23,"column":80}},"7":{"start":{"line":31,"column":35},"end":{"line":31,"column":66}}},"fnMap":{"0":{"name":"(anonymous_0)","decl":{"start":{"line":7,"column":17},"end":{"line":7,"column":18}},"loc":{"start":{"line":7,"column":34},"end":{"line":9,"column":3}},"line":7},"1":{"name":"(anonymous_1)","decl":{"start":{"line":10,"column":2},"end":{"line":10,"column":3}},"loc":{"start":{"line":10,"column":11},"end":{"line":28,"column":3}},"line":10},"2":{"name":"(anonymous_2)","decl":{"start":{"line":22,"column":51},"end":{"line":22,"column":52}},"loc":{"start":{"line":22,"column":57},"end":{"line":22,"column":80}},"line":22},"3":{"name":"(anonymous_3)","decl":{"start":{"line":23,"column":51},"end":{"line":23,"column":52}},"loc":{"start":{"line":23,"column":57},"end":{"line":23,"column":80}},"line":23},"4":{"name":"(anonymous_4)","decl":{"start":{"line":31,"column":24},"end":{"line":31,"column":25}},"loc":{"start":{"line":31,"column":33},"end":{"line":31,"column":67}},"line":31}},"branchMap":{},"s":{"0":2,"1":1,"2":1,"3":1,"4":1,"5":1,"6":1,"7":0},"f":{"0":2,"1":1,"2":1,"3":1,"4":0},"b":{},"_coverageSchema":"332fd63041d2c1bcb487cc26dd0d5f7d97098a6c","hash":"74e40b19d09c2ee3896390b3d1d42905ecd73630"}
,"/Users/paakcmd/Documents/GitHub/KataTennis/src/helper/score.js": {"path":"/Users/paakcmd/Documents/GitHub/KataTennis/src/helper/score.js","statementMap":{"0":{"start":{"line":1,"column":13},"end":{"line":1,"column":75}},"1":{"start":{"line":2,"column":23},"end":{"line":52,"column":1}},"2":{"start":{"line":4,"column":24},"end":{"line":4,"column":82}},"3":{"start":{"line":5,"column":13},"end":{"line":5,"column":15}},"4":{"start":{"line":6,"column":14},"end":{"line":6,"column":16}},"5":{"start":{"line":7,"column":14},"end":{"line":7,"column":16}},"6":{"start":{"line":9,"column":2},"end":{"line":48,"column":3}},"7":{"start":{"line":11,"column":4},"end":{"line":18,"column":7}},"8":{"start":{"line":12,"column":6},"end":{"line":14,"column":7}},"9":{"start":{"line":13,"column":8},"end":{"line":13,"column":25}},"10":{"start":{"line":15,"column":6},"end":{"line":17,"column":7}},"11":{"start":{"line":16,"column":8},"end":{"line":16,"column":25}},"12":{"start":{"line":20,"column":4},"end":{"line":28,"column":5}},"13":{"start":{"line":21,"column":6},"end":{"line":21,"column":28}},"14":{"start":{"line":22,"column":6},"end":{"line":24,"column":7}},"15":{"start":{"line":23,"column":8},"end":{"line":23,"column":23}},"16":{"start":{"line":27,"column":6},"end":{"line":27,"column":33}},"17":{"start":{"line":33,"column":23},"end":{"line":33,"column":50}},"18":{"start":{"line":34,"column":4},"end":{"line":46,"column":5}},"19":{"start":{"line":35,"column":6},"end":{"line":35,"column":25}},"20":{"start":{"line":36,"column":11},"end":{"line":46,"column":5}},"21":{"start":{"line":37,"column":6},"end":{"line":42,"column":7}},"22":{"start":{"line":38,"column":8},"end":{"line":38,"column":29}},"23":{"start":{"line":41,"column":8},"end":{"line":41,"column":29}},"24":{"start":{"line":45,"column":6},"end":{"line":45,"column":21}},"25":{"start":{"line":50,"column":2},"end":{"line":50,"column":14}}},"fnMap":{"0":{"name":"(anonymous_0)","decl":{"start":{"line":2,"column":48},"end":{"line":2,"column":49}},"loc":{"start":{"line":2,"column":70},"end":{"line":52,"column":1}},"line":2},"1":{"name":"(anonymous_1)","decl":{"start":{"line":11,"column":26},"end":{"line":11,"column":27}},"loc":{"start":{"line":11,"column":35},"end":{"line":18,"column":5}},"line":11}},"branchMap":{"0":{"loc":{"start":{"line":9,"column":2},"end":{"line":48,"column":3}},"type":"if","locations":[{"start":{"line":9,"column":2},"end":{"line":48,"column":3}},{"start":{"line":9,"column":2},"end":{"line":48,"column":3}}],"line":9},"1":{"loc":{"start":{"line":9,"column":6},"end":{"line":9,"column":34}},"type":"binary-expr","locations":[{"start":{"line":9,"column":6},"end":{"line":9,"column":18}},{"start":{"line":9,"column":22},"end":{"line":9,"column":34}}],"line":9},"2":{"loc":{"start":{"line":12,"column":6},"end":{"line":14,"column":7}},"type":"if","locations":[{"start":{"line":12,"column":6},"end":{"line":14,"column":7}},{"start":{"line":12,"column":6},"end":{"line":14,"column":7}}],"line":12},"3":{"loc":{"start":{"line":15,"column":6},"end":{"line":17,"column":7}},"type":"if","locations":[{"start":{"line":15,"column":6},"end":{"line":17,"column":7}},{"start":{"line":15,"column":6},"end":{"line":17,"column":7}}],"line":15},"4":{"loc":{"start":{"line":20,"column":4},"end":{"line":28,"column":5}},"type":"if","locations":[{"start":{"line":20,"column":4},"end":{"line":28,"column":5}},{"start":{"line":20,"column":4},"end":{"line":28,"column":5}}],"line":20},"5":{"loc":{"start":{"line":22,"column":6},"end":{"line":24,"column":7}},"type":"if","locations":[{"start":{"line":22,"column":6},"end":{"line":24,"column":7}},{"start":{"line":22,"column":6},"end":{"line":24,"column":7}}],"line":22},"6":{"loc":{"start":{"line":34,"column":4},"end":{"line":46,"column":5}},"type":"if","locations":[{"start":{"line":34,"column":4},"end":{"line":46,"column":5}},{"start":{"line":34,"column":4},"end":{"line":46,"column":5}}],"line":34},"7":{"loc":{"start":{"line":36,"column":11},"end":{"line":46,"column":5}},"type":"if","locations":[{"start":{"line":36,"column":11},"end":{"line":46,"column":5}},{"start":{"line":36,"column":11},"end":{"line":46,"column":5}}],"line":36},"8":{"loc":{"start":{"line":37,"column":6},"end":{"line":42,"column":7}},"type":"if","locations":[{"start":{"line":37,"column":6},"end":{"line":42,"column":7}},{"start":{"line":37,"column":6},"end":{"line":42,"column":7}}],"line":37}},"s":{"0":0,"1":0,"2":0,"3":0,"4":0,"5":0,"6":0,"7":0,"8":0,"9":0,"10":0,"11":0,"12":0,"13":0,"14":0,"15":0,"16":0,"17":0,"18":0,"19":0,"20":0,"21":0,"22":0,"23":0,"24":0,"25":0},"f":{"0":0,"1":0},"b":{"0":[0,0],"1":[0,0],"2":[0,0],"3":[0,0],"4":[0,0],"5":[0,0],"6":[0,0],"7":[0,0],"8":[0,0]}}
,"/Users/paakcmd/Documents/GitHub/KataTennis/src/reducers/index.js": {"path":"/Users/paakcmd/Documents/GitHub/KataTennis/src/reducers/index.js","statementMap":{},"fnMap":{},"branchMap":{},"s":{},"f":{},"b":{},"_coverageSchema":"332fd63041d2c1bcb487cc26dd0d5f7d97098a6c","hash":"455fd87744ca4b427934f26770ded8155ed96424"}
,"/Users/paakcmd/Documents/GitHub/KataTennis/src/reducers/tennis.js": {"path":"/Users/paakcmd/Documents/GitHub/KataTennis/src/reducers/tennis.js","statementMap":{"0":{"start":{"line":4,"column":0},"end":{"line":7,"column":1}},"1":{"start":{"line":9,"column":15},"end":{"line":21,"column":1}},"2":{"start":{"line":10,"column":2},"end":{"line":20,"column":3}},"3":{"start":{"line":12,"column":25},"end":{"line":12,"column":48}},"4":{"start":{"line":13,"column":6},"end":{"line":13,"column":57}},"5":{"start":{"line":15,"column":25},"end":{"line":15,"column":48}},"6":{"start":{"line":16,"column":6},"end":{"line":16,"column":57}},"7":{"start":{"line":18,"column":6},"end":{"line":18,"column":19}}},"fnMap":{"0":{"name":"(anonymous_0)","decl":{"start":{"line":9,"column":15},"end":{"line":9,"column":16}},"loc":{"start":{"line":9,"column":51},"end":{"line":21,"column":1}},"line":9}},"branchMap":{"0":{"loc":{"start":{"line":9,"column":17},"end":{"line":9,"column":37}},"type":"default-arg","locations":[{"start":{"line":9,"column":25},"end":{"line":9,"column":37}}],"line":9},"1":{"loc":{"start":{"line":10,"column":2},"end":{"line":20,"column":3}},"type":"switch","locations":[{"start":{"line":11,"column":4},"end":{"line":13,"column":57}},{"start":{"line":14,"column":4},"end":{"line":16,"column":57}},{"start":{"line":17,"column":4},"end":{"line":18,"column":19}}],"line":10}},"s":{"0":2,"1":2,"2":6,"3":1,"4":1,"5":1,"6":1,"7":4},"f":{"0":6},"b":{"0":[6],"1":[1,1,4]},"_coverageSchema":"332fd63041d2c1bcb487cc26dd0d5f7d97098a6c","hash":"703b9df38887beb356d5f48b0bd86c09f2b314d9"}
,"/Users/paakcmd/Documents/GitHub/KataTennis/src/reducers/helper/score.js": {"path":"/Users/paakcmd/Documents/GitHub/KataTennis/src/reducers/helper/score.js","statementMap":{"0":{"start":{"line":2,"column":30},"end":{"line":52,"column":1}},"1":{"start":{"line":4,"column":24},"end":{"line":4,"column":83}},"2":{"start":{"line":5,"column":13},"end":{"line":5,"column":15}},"3":{"start":{"line":6,"column":14},"end":{"line":6,"column":16}},"4":{"start":{"line":7,"column":14},"end":{"line":7,"column":16}},"5":{"start":{"line":9,"column":2},"end":{"line":48,"column":3}},"6":{"start":{"line":11,"column":4},"end":{"line":18,"column":6}},"7":{"start":{"line":12,"column":6},"end":{"line":14,"column":7}},"8":{"start":{"line":13,"column":8},"end":{"line":13,"column":24}},"9":{"start":{"line":15,"column":6},"end":{"line":17,"column":7}},"10":{"start":{"line":16,"column":8},"end":{"line":16,"column":24}},"11":{"start":{"line":20,"column":4},"end":{"line":28,"column":5}},"12":{"start":{"line":21,"column":6},"end":{"line":21,"column":28}},"13":{"start":{"line":22,"column":6},"end":{"line":24,"column":7}},"14":{"start":{"line":23,"column":8},"end":{"line":23,"column":23}},"15":{"start":{"line":27,"column":6},"end":{"line":27,"column":33}},"16":{"start":{"line":33,"column":23},"end":{"line":33,"column":50}},"17":{"start":{"line":34,"column":4},"end":{"line":46,"column":5}},"18":{"start":{"line":35,"column":6},"end":{"line":35,"column":25}},"19":{"start":{"line":36,"column":11},"end":{"line":46,"column":5}},"20":{"start":{"line":37,"column":6},"end":{"line":42,"column":7}},"21":{"start":{"line":38,"column":8},"end":{"line":38,"column":29}},"22":{"start":{"line":41,"column":8},"end":{"line":41,"column":29}},"23":{"start":{"line":45,"column":6},"end":{"line":45,"column":21}},"24":{"start":{"line":50,"column":2},"end":{"line":50,"column":14}}},"fnMap":{"0":{"name":"(anonymous_0)","decl":{"start":{"line":2,"column":30},"end":{"line":2,"column":31}},"loc":{"start":{"line":2,"column":52},"end":{"line":52,"column":1}},"line":2},"1":{"name":"(anonymous_1)","decl":{"start":{"line":11,"column":27},"end":{"line":11,"column":28}},"loc":{"start":{"line":11,"column":36},"end":{"line":18,"column":5}},"line":11}},"branchMap":{"0":{"loc":{"start":{"line":9,"column":2},"end":{"line":48,"column":3}},"type":"if","locations":[{"start":{"line":9,"column":2},"end":{"line":48,"column":3}},{"start":{"line":9,"column":2},"end":{"line":48,"column":3}}],"line":9},"1":{"loc":{"start":{"line":9,"column":5},"end":{"line":9,"column":33}},"type":"binary-expr","locations":[{"start":{"line":9,"column":5},"end":{"line":9,"column":17}},{"start":{"line":9,"column":21},"end":{"line":9,"column":33}}],"line":9},"2":{"loc":{"start":{"line":12,"column":6},"end":{"line":14,"column":7}},"type":"if","locations":[{"start":{"line":12,"column":6},"end":{"line":14,"column":7}},{"start":{"line":12,"column":6},"end":{"line":14,"column":7}}],"line":12},"3":{"loc":{"start":{"line":15,"column":6},"end":{"line":17,"column":7}},"type":"if","locations":[{"start":{"line":15,"column":6},"end":{"line":17,"column":7}},{"start":{"line":15,"column":6},"end":{"line":17,"column":7}}],"line":15},"4":{"loc":{"start":{"line":20,"column":4},"end":{"line":28,"column":5}},"type":"if","locations":[{"start":{"line":20,"column":4},"end":{"line":28,"column":5}},{"start":{"line":20,"column":4},"end":{"line":28,"column":5}}],"line":20},"5":{"loc":{"start":{"line":22,"column":6},"end":{"line":24,"column":7}},"type":"if","locations":[{"start":{"line":22,"column":6},"end":{"line":24,"column":7}},{"start":{"line":22,"column":6},"end":{"line":24,"column":7}}],"line":22},"6":{"loc":{"start":{"line":34,"column":4},"end":{"line":46,"column":5}},"type":"if","locations":[{"start":{"line":34,"column":4},"end":{"line":46,"column":5}},{"start":{"line":34,"column":4},"end":{"line":46,"column":5}}],"line":34},"7":{"loc":{"start":{"line":36,"column":11},"end":{"line":46,"column":5}},"type":"if","locations":[{"start":{"line":36,"column":11},"end":{"line":46,"column":5}},{"start":{"line":36,"column":11},"end":{"line":46,"column":5}}],"line":36},"8":{"loc":{"start":{"line":37,"column":6},"end":{"line":42,"column":7}},"type":"if","locations":[{"start":{"line":37,"column":6},"end":{"line":42,"column":7}},{"start":{"line":37,"column":6},"end":{"line":42,"column":7}}],"line":37}},"s":{"0":3,"1":26,"2":26,"3":26,"4":26,"5":26,"6":17,"7":68,"8":17,"9":68,"10":17,"11":17,"12":5,"13":5,"14":1,"15":12,"16":9,"17":9,"18":2,"19":7,"20":7,"21":4,"22":3,"23":0,"24":26},"f":{"0":26,"1":68},"b":{"0":[17,9],"1":[26,19],"2":[17,51],"3":[17,51],"4":[5,12],"5":[1,4],"6":[2,7],"7":[7,0],"8":[4,3]},"_coverageSchema":"332fd63041d2c1bcb487cc26dd0d5f7d97098a6c","hash":"43c2cac28a79f14397dbef4e882c6f5484b83d26"}
}
