TN:
SF:/Users/paakcmd/Documents/GitHub/KataTennis/src/actions/constants.js
FNF:0
FNH:0
DA:1,6
DA:2,6
LF:2
LH:2
BRF:0
BRH:0
end_of_record
TN:
SF:/Users/paakcmd/Documents/GitHub/KataTennis/src/actions/player.js
FN:3,(anonymous_0)
FNF:1
FNH:1
FNDA:1,(anonymous_0)
DA:3,3
DA:4,1
LF:2
LH:2
BRF:0
BRH:0
end_of_record
TN:
SF:/Users/paakcmd/Documents/GitHub/KataTennis/src/actions/score.js
FN:3,(anonymous_0)
FN:11,(anonymous_1)
FNF:2
FNH:2
FNDA:20,(anonymous_0)
FNDA:121,(anonymous_1)
DA:3,1
DA:4,20
DA:5,20
DA:10,20
DA:11,11
DA:12,121
DA:13,11
DA:18,20
DA:19,9
DA:20,9
DA:21,2
DA:23,7
DA:24,7
DA:25,4
DA:28,3
DA:33,20
LF:16
LH:16
BRDA:10,0,0,11
BRDA:10,0,1,9
BRDA:10,1,0,20
BRDA:10,1,1,13
BRDA:12,2,0,11
BRDA:12,2,1,110
BRDA:12,3,0,121
BRDA:12,3,1,33
BRDA:18,4,0,9
BRDA:18,4,1,11
BRDA:18,5,0,20
BRDA:18,5,1,13
BRDA:20,6,0,2
BRDA:20,6,1,7
BRDA:23,7,0,7
BRDA:23,7,1,0
BRDA:24,8,0,4
BRDA:24,8,1,3
BRF:18
BRH:17
end_of_record
TN:
SF:/Users/paakcmd/Documents/GitHub/KataTennis/src/components/App.js
FN:5,(anonymous_0)
FNF:1
FNH:1
FNDA:1,(anonymous_0)
DA:6,1
LF:1
LH:1
BRF:0
BRH:0
end_of_record
TN:
SF:/Users/paakcmd/Documents/GitHub/KataTennis/src/components/Tennis.js
FN:6,(anonymous_0)
FN:10,(anonymous_1)
FN:17,(anonymous_2)
FNF:3
FNH:2
FNDA:1,(anonymous_0)
FNDA:2,(anonymous_1)
FNDA:0,(anonymous_2)
DA:7,1
DA:11,2
DA:17,0
LF:3
LH:2
BRF:0
BRH:0
end_of_record
TN:
SF:/Users/paakcmd/Documents/GitHub/KataTennis/src/reducers/index.js
FNF:0
FNH:0
LF:0
LH:0
BRF:0
BRH:0
end_of_record
TN:
SF:/Users/paakcmd/Documents/GitHub/KataTennis/src/reducers/tennis.js
FN:4,(anonymous_0)
FNF:1
FNH:1
FNDA:4,(anonymous_0)
DA:4,2
DA:5,4
DA:7,1
DA:9,3
LF:4
LH:4
BRDA:4,0,0,4
BRDA:5,1,0,1
BRDA:5,1,1,3
BRF:3
BRH:3
end_of_record
