TN:
SF:/Users/paakcmd/Documents/GitHub/KataTennis/src/actions/constants.js
FNF:0
FNH:0
DA:1,5
LF:1
LH:1
BRF:0
BRH:0
end_of_record
TN:
SF:/Users/paakcmd/Documents/GitHub/KataTennis/src/actions/score.js
FN:3,(anonymous_0)
FN:20,(anonymous_1)
FNF:2
FNH:2
FNDA:25,(anonymous_0)
FNDA:256,(anonymous_1)
DA:3,3
DA:5,25
DA:7,25
DA:8,0
DA:9,25
DA:10,0
DA:15,25
DA:19,25
DA:20,16
DA:21,256
DA:22,16
DA:27,25
DA:28,9
DA:29,9
DA:30,2
DA:31,7
DA:32,7
DA:33,4
DA:36,3
DA:39,0
DA:43,25
LF:21
LH:18
BRDA:7,0,0,0
BRDA:7,0,1,25
BRDA:9,1,0,0
BRDA:9,1,1,25
BRDA:19,2,0,16
BRDA:19,2,1,9
BRDA:19,3,0,25
BRDA:19,3,1,18
BRDA:21,4,0,16
BRDA:21,4,1,240
BRDA:21,5,0,256
BRDA:21,5,1,64
BRDA:27,6,0,9
BRDA:27,6,1,16
BRDA:27,7,0,25
BRDA:27,7,1,18
BRDA:29,8,0,2
BRDA:29,8,1,7
BRDA:31,9,0,7
BRDA:31,9,1,0
BRDA:32,10,0,4
BRDA:32,10,1,3
BRF:22
BRH:19
end_of_record
TN:
SF:/Users/paakcmd/Documents/GitHub/KataTennis/src/components/App.js
FN:5,(anonymous_0)
FNF:1
FNH:1
FNDA:1,(anonymous_0)
DA:6,1
LF:1
LH:1
BRF:0
BRH:0
end_of_record
TN:
SF:/Users/paakcmd/Documents/GitHub/KataTennis/src/components/Tennis.js
FN:7,(anonymous_0)
FN:12,(anonymous_1)
FN:25,(anonymous_2)
FN:26,(anonymous_3)
FN:37,(anonymous_4)
FNF:5
FNH:4
FNDA:2,(anonymous_0)
FNDA:1,(anonymous_1)
FNDA:1,(anonymous_2)
FNDA:1,(anonymous_3)
FNDA:0,(anonymous_4)
DA:8,2
DA:9,2
DA:10,2
DA:13,1
DA:14,1
DA:15,1
DA:16,1
DA:18,1
DA:25,1
DA:26,1
DA:37,0
LF:11
LH:10
BRF:0
BRH:0
end_of_record
TN:
SF:/Users/paakcmd/Documents/GitHub/KataTennis/src/reducers/index.js
FNF:0
FNH:0
LF:0
LH:0
BRF:0
BRH:0
end_of_record
TN:
SF:/Users/paakcmd/Documents/GitHub/KataTennis/src/reducers/tennis.js
FN:10,(anonymous_0)
FNF:1
FNH:1
FNDA:4,(anonymous_0)
DA:4,2
DA:10,2
DA:11,4
DA:13,0
DA:15,4
LF:5
LH:4
BRDA:10,0,0,4
BRDA:11,1,0,0
BRDA:11,1,1,4
BRF:3
BRH:2
end_of_record
